Build started 3/30/2014 2:13:41 PM.
     1>Project "E:\C++\MClone\MintClone\MintClone\MintClone.vcxproj" on node 2 (Build target(s)).
     1>InitializeBuildStatus:
         Creating "Debug\MintClone.unsuccessfulbuild" because "AlwaysCreate" was specified.
       ClCompile:
         D:\Program Files (x86)\Microsoft Visual Studio 11.0\VC\bin\CL.exe /c /ZI /nologo /W3 /WX- /Od /Oy- /D WIN32 /D _DEBUG /D _WINDOWS /D _UNICODE /D UNICODE /Gm /EHsc /RTC1 /MDd /GS /fp:precise /Zc:wchar_t /Zc:forScope /Fo"Debug\\" /Fd"Debug\vc110.pdb" /Gd /TP /analyze- /errorReport:prompt Graphics.cpp
         Graphics.cpp
       Link:
         D:\Program Files (x86)\Microsoft Visual Studio 11.0\VC\bin\link.exe /ERRORREPORT:PROMPT /OUT:"E:\C++\MClone\MintClone\Debug\MintClone.exe" /INCREMENTAL /NOLOGO kernel32.lib user32.lib gdi32.lib winspool.lib comdlg32.lib advapi32.lib shell32.lib ole32.lib oleaut32.lib uuid.lib odbc32.lib odbccp32.lib /MANIFEST /MANIFESTUAC:"level='asInvoker' uiAccess='false'" /manifest:embed /DEBUG /PDB:"E:\C++\MClone\MintClone\Debug\MintClone.pdb" /SUBSYSTEM:WINDOWS /TLBID:1 /DYNAMICBASE /NXCOMPAT /IMPLIB:"E:\C++\MClone\MintClone\Debug\MintClone.lib" /MACHINE:X86 Debug\Entry.obj
         Debug\EntryController.obj
         Debug\EntryView.obj
         Debug\Graphics.obj
         Debug\Input.obj
         Debug\main.obj
         Debug\System.obj
         Debug\View.obj
         MintClone.vcxproj -> E:\C++\MClone\MintClone\Debug\MintClone.exe
       FinalizeBuildStatus:
         Deleting file "Debug\MintClone.unsuccessfulbuild".
         Touching "Debug\MintClone.lastbuildstate".
     1>Done Building Project "E:\C++\MClone\MintClone\MintClone\MintClone.vcxproj" (Build target(s)).

Build succeeded.

Time Elapsed 00:00:00.93
